<?xml version="1.0" encoding="UTF-8"?>
<!-- Generated by org.testng.reporters.JUnitReportReporter -->
<testsuite hostname="fosasoft" failures="0" tests="10" name="apiautomation.allapis" time="14.369" errors="0" timestamp="2025-10-26T17:07:26 IST" skipped="0">
  <testcase classname="apiautomation.allapis" name="testAddNewUser" time="3.292"/>
  <testcase classname="apiautomation.allapis" name="testGetUserProfile" time="1.130"/>
  <testcase classname="apiautomation.allapis" name="testUpdateUser" time="1.673"/>
  <testcase classname="apiautomation.allapis" name="testLoginUser" time="1.148"/>
  <testcase classname="apiautomation.allapis" name="testAddContact" time="1.127"/>
  <testcase classname="apiautomation.allapis" name="testGetContactList" time="1.315"/>
  <testcase classname="apiautomation.allapis" name="testGetContact" time="1.127"/>
  <testcase classname="apiautomation.allapis" name="testUpdateFullContact" time="1.205"/>
  <testcase classname="apiautomation.allapis" name="testUpdatePartialContact" time="1.136"/>
  <testcase classname="apiautomation.allapis" name="testLogoutUser" time="1.216"/>
</testsuite> <!-- apiautomation.allapis -->
