<?xml version="1.0" encoding="UTF-8"?>
<!-- Generated by org.testng.reporters.JUnitReportReporter -->
<testsuite hostname="fosasoft" failures="0" tests="10" name="apiautomation.allapis" time="20.010" errors="0" timestamp="2025-10-26T12:16:08 IST" skipped="0">
  <testcase classname="apiautomation.allapis" name="testAddNewUser" time="5.863"/>
  <testcase classname="apiautomation.allapis" name="testGetUserProfile" time="1.540"/>
  <testcase classname="apiautomation.allapis" name="testUpdateUser" time="1.494"/>
  <testcase classname="apiautomation.allapis" name="testLoginUser" time="1.399"/>
  <testcase classname="apiautomation.allapis" name="testAddContact" time="1.477"/>
  <testcase classname="apiautomation.allapis" name="testGetContactList" time="1.365"/>
  <testcase classname="apiautomation.allapis" name="testGetContact" time="1.874"/>
  <testcase classname="apiautomation.allapis" name="testUpdateFullContact" time="1.680"/>
  <testcase classname="apiautomation.allapis" name="testUpdatePartialContact" time="1.577"/>
  <testcase classname="apiautomation.allapis" name="testLogoutUser" time="1.741"/>
</testsuite> <!-- apiautomation.allapis -->
